app/packages/apps/UDove/proguard-allmodules.txt
######## proguard-project.txt in : ########
# This is a configuration file for ProGuard.
# http://proguard.sourceforge.net/index.html#manual/usage.html

-dontusemixedcaseclassnames
-dontskipnonpubliclibraryclasses
-verbose

# Optimization is turned off by default. Dex does not like code run
# through the ProGuard optimize and preverify steps (and performs some
# of these optimizations on its own).
-dontoptimize
-dontpreverify
# Note that if you want to enable optimization, you cannot just
# include optimization flags in your own project configuration file;
# instead you will need to point to the
# "proguard-android-optimize.txt" file instead of this one from your
# project.properties file.

-keepattributes *Annotation*
-keepattributes Signature
-keepattributes SourceFile,LineNumberTable
-keepattributes InnerClasses
-keep public class com.google.vending.licensing.ILicensingService
-keep public class com.android.vending.licensing.ILicensingService

# For native methods, see http://proguard.sourceforge.net/manual/examples.html#native
-keepclasseswithmembernames class * {
    native <methods>;
}

# keep setters in Views so that animations can still work.
# see http://proguard.sourceforge.net/manual/examples.html#beans
-keepclassmembers public class * extends android.view.View {
   void set*(***);
   *** get*();
}

# We want to keep methods in Activity that could be used in the XML attribute onClick
-keepclassmembers class * extends android.app.Activity {
   public void *(android.view.View);
}

# For enumeration classes, see http://proguard.sourceforge.net/manual/examples.html#enumerations
-keepclassmembers enum * {
    public static **[] values();
    public static ** valueOf(java.lang.String);
}

-keep class * implements android.os.Parcelable {
  public static final android.os.Parcelable$Creator *;
}

-keepclassmembers class **.R$* {
    public static <fields>;
}

# keep protocol buffer related classes
-keep class com.squareup.** { *; }
-keep class com.htc.studio.** { *; }
-keep class com.htc.xps.** { *; }

# keep the classes in the AndroidManifest.xml
-keep class com.htc.feedback.ReportActivity { *; }
-keep class com.htc.feedback.ReportSettingsActivity { *; }
-keep class com.htc.feedback.PreviewActivity { *; }
-keep class com.htc.feedback.PreviewInfoActivity { *; }
-keep class com.htc.feedback.PrivacyPageActivity { *; }
-keep class com.htc.feedback.SystemCrashActivity { *; }
-keep class com.htc.feedback.FeedbackBugReportActivity { *; }
-keep class com.htc.feedback.FeedbackService { *; }
-keep class com.htc.feedback.AdditionalInfoService { *; }
-keep class com.htc.feedback.ReceiverService { *; }
-keep class com.htc.feedback.FeedbackReceiver { *; }
-keep class com.htc.feedback.CustomizationReceiver { *; }
-keep class com.htc.feedback.searchprovider.SettingIndexablesProvider { *; }
-keep class com.htc.feedback.reportagent.receiver.ReportAgentReceiver { *; }
-keep class com.htc.feedback.reportagent.receiver.PowerConnectedReceiver { *; }
-keep class com.htc.feedback.reportagent.receiver.PolicyReceiver { *; }
-keep class com.htc.feedback.reportagent.receiver.DevelopingReceiver { *; }
-keep class com.htc.feedback.reportagent.receiver.SetupWizardReceiver { *; }
-keep class com.htc.feedback.reportagent.ReportService { *; }

# keep the class which is used by reflection from framework 
-keep class com.htc.feedback.framework.ErrorReport { *; }

# The support library contains references to newer platform versions.
# Don't warn about those in case this app is linking against an older
# platform version.  We know about them, and they are safe.
-dontwarn okio.**
-dontwarn android.support.**

# To resolve GMS related warnings such as:
# Warning: com.google.android.gms.common.SupportErrorDialogFragment: can't find referenced method 'void setShowsDialog(boolean)' in ...
# Warning: com.google.android.gms.common.api.d: can't find referenced method 'android.support.v4.app.FragmentActivity getActivity()' in ...
# Warning: com.google.android.gms.analytics.ac: can't find referenced class org.apache.http.impl.client.DefaultHttpClient
# Warning: com.google.android.gms.tagmanager.av: can't find referenced class org.apache.http.HttpEntity
-dontwarn com.google.android.gms.**

######## no proguard-project.txt in : ########

######## no proguard-project.txt in : ########

######## no proguard-project.txt in : ########

######## no proguard-project.txt in : ########

######## no proguard-project.txt in : ########

######## no proguard-project.txt in : ########

######## no proguard-project.txt in : ########

######## no proguard-project.txt in : ########

######## no proguard-project.txt in : ########

######## no proguard-project.txt in : ########

######## no proguard-project.txt in : ########

######## no proguard-project.txt in : ########

######## no proguard-project.txt in : ########

######## no proguard-project.txt in : ########

######## proguard-project.txt in : ########
-keep class com.htc.lib1.theme.ThemeFileUtil$* { *;}

######## proguard-project.txt in : ########
# To enable ProGuard in your project, edit project.properties
# to define the proguard.config property as described in that file.
#
# Add project specific ProGuard rules here.
# By default, the flags in this file are appended to flags specified
# in ${sdk.dir}/tools/proguard/proguard-android.txt
# You can edit the include path and order by changing the ProGuard
# include property in project.properties.
#
# For more details, see
#   http://developer.android.com/guide/developing/tools/proguard.html

# Add any project specific keep options here:

# If your project uses WebView with JS, uncomment the following
# and specify the fully qualified class name to the JavaScript interface
# class:
#-keepclassmembers class fqcn.of.javascript.interface.for.webview {
#   public *;
#}

######## no proguard-project.txt in : ########

######## proguard-project.txt in : ########
# This is a configuration file for ProGuard.
# http://proguard.sourceforge.net/index.html#manual/usage.html


# Optimization is turned off by default. Dex does not like code run
# through the ProGuard optimize and preverify steps (and performs some
# of these optimizations on its own).
# Note that if you want to enable optimization, you cannot just
# include optimization flags in your own project configuration file;
# instead you will need to point to the
# "proguard-android-optimize.txt" file instead of this one from your
# project.properties file.

-keep class com.htc.lib2.weather.** { *; }

######## no proguard-project.txt in : ########