app/packages/apps/UDove/build/outputs/mapping/release/seeds.txt
com.htc.feedback.CustomizationReceiver
com.htc.feedback.CustomizationReceiver: boolean LOG
com.htc.feedback.CustomizationReceiver: java.lang.String TAG
com.htc.feedback.CustomizationReceiver: CustomizationReceiver()
com.htc.feedback.CustomizationReceiver: void onReceive(android.content.Context,android.content.Intent)
com.htc.feedback.CustomizationReceiver: void <clinit>()
com.htc.feedback.FeedbackBugReportActivity
com.htc.feedback.FeedbackBugReportActivity: java.lang.String TAG
com.htc.feedback.FeedbackBugReportActivity: boolean DEBUG
com.htc.feedback.FeedbackBugReportActivity: java.lang.String DEFAULT_DUMP_FOLDER
com.htc.feedback.FeedbackBugReportActivity: java.lang.String DUMP_STATE_FILE_EXTENSION
com.htc.feedback.FeedbackBugReportActivity: java.lang.String mDumpStateFile
com.htc.feedback.FeedbackBugReportActivity: android.app.ProgressDialog mProgressDialog
com.htc.feedback.FeedbackBugReportActivity: FeedbackBugReportActivity()
com.htc.feedback.FeedbackBugReportActivity: void onCreate(android.os.Bundle)
com.htc.feedback.FeedbackBugReportActivity: void getDumpstateBySSDTestTool()
com.htc.feedback.FeedbackBugReportActivity: void onDestroy()
com.htc.feedback.FeedbackBugReportActivity: android.app.ProgressDialog access$102(com.htc.feedback.FeedbackBugReportActivity,android.app.ProgressDialog)
com.htc.feedback.FeedbackBugReportActivity: void access$200(com.htc.feedback.FeedbackBugReportActivity)
com.htc.feedback.FeedbackBugReportActivity: android.app.ProgressDialog access$100(com.htc.feedback.FeedbackBugReportActivity)
com.htc.feedback.FeedbackBugReportActivity: java.lang.String access$300(com.htc.feedback.FeedbackBugReportActivity)
com.htc.feedback.FeedbackBugReportActivity: void <clinit>()
com.htc.feedback.FeedbackReceiver
com.htc.feedback.FeedbackReceiver: boolean LOG
com.htc.feedback.FeedbackReceiver: java.lang.String TAG
com.htc.feedback.FeedbackReceiver: FeedbackReceiver()
com.htc.feedback.FeedbackReceiver: void onReceive(android.content.Context,android.content.Intent)
com.htc.feedback.FeedbackReceiver: void startReceiverService(android.content.Context,android.content.Intent)
com.htc.feedback.FeedbackReceiver: void <clinit>()
com.htc.feedback.FeedbackService
com.htc.feedback.FeedbackService: java.lang.String TAG
com.htc.feedback.FeedbackService: boolean DEBUG
com.htc.feedback.FeedbackService: java.lang.String logsDir
com.htc.feedback.FeedbackService: FeedbackService()
com.htc.feedback.FeedbackService: void onHandleIntent(android.content.Intent)
com.htc.feedback.FeedbackService: void onHandleIntentInner(android.content.Intent)
com.htc.feedback.FeedbackService: void deleteLogFolderOncePerFreshROM()
com.htc.feedback.FeedbackService: java.lang.String readDropboxFileToLocal(android.os.DropBoxManager$Entry,byte[],byte[])
com.htc.feedback.FeedbackService: java.lang.String composeLog(android.os.DropBoxManager,java.lang.String,long,android.os.DropBoxManager$Entry,java.io.File,java.lang.String,java.util.ArrayList,byte[],byte[])
com.htc.feedback.FeedbackService: void compressLog(java.util.zip.ZipOutputStream,java.lang.String,java.io.InputStream)
com.htc.feedback.FeedbackService: android.os.DropBoxManager$Entry getDropboxEntry(java.lang.String,long)
com.htc.feedback.FeedbackService: java.io.File getHprofFile(int)
com.htc.feedback.FeedbackService: void <clinit>()
...
com.htc.lib1.cc.R$color: int CategoryFour_active_color
com.htc.lib1.cc.R$color: int CategoryFour_all_hyperlink_color
com.htc.lib1.cc.R$color: int CategoryFour_ap_background_color
com.htc.lib1.cc.R$color: int CategoryFour_category_color
com.htc.lib1.cc.R$color: int CategoryFour_dark_ap_background_color
com.htc.lib1.cc.R$color: int CategoryFour_dark_category_color
com.htc.lib1.cc.R$color: int CategoryFour_dark_primaryfont_color
com.htc.lib1.cc.R$color: int CategoryFour_dark_primaryfont_disable_color
com.htc.lib1.cc.R$color: int CategoryFour_dark_secondaryfont_color
com.htc.lib1.cc.R$color: int CategoryFour_dark_secondaryfont_disable_color
com.htc.lib1.cc.R$color: int CategoryFour_focused_color
com.htc.lib1.cc.R$color: int CategoryFour_highlight_color
com.htc.lib1.cc.R$color: int CategoryFour_light_category_color
com.htc.lib1.cc.R$color: int CategoryFour_light_primaryfont_color
com.htc.lib1.cc.R$color: int CategoryFour_light_primaryfont_disable_color
com.htc.lib1.cc.R$color: int CategoryFour_light_secondaryfont_color
com.htc.lib1.cc.R$color: int CategoryFour_light_secondaryfont_disable_color
com.htc.lib1.cc.R$color: int CategoryFour_light_separatorfont_color
com.htc.lib1.cc.R$color: int CategoryFour_light_tabfont_disable_color
com.htc.lib1.cc.R$color: int CategoryFour_list_item_bg_bottom_color
com.htc.lib1.cc.R$color: int CategoryFour_list_item_bg_center_color
com.htc.lib1.cc.R$color: int CategoryFour_list_item_bg_top_color
com.htc.lib1.cc.R$dimen: int ab_height
com.htc.lib1.cc.R$dimen: int ab_margin_bottom
com.htc.lib1.cc.R$dimen: int ab_margin_for_footer
com.htc.lib1.cc.R$dimen: int ab_margin_top
com.htc.lib1.cc.R$dimen: int ab_photoframe_size
com.htc.lib1.cc.R$dimen: int ab_pulldown_margin_bottom
com.htc.lib1.cc.R$dimen: int ab_pulldown_margin_top
com.htc.lib1.cc.R$dimen: int abc_action_bar_content_inset_material
com.htc.lib1.cc.R$dimen: int abc_action_bar_default_height_material
com.htc.lib1.cc.R$dimen: int abc_action_bar_default_padding_end_material
com.htc.lib1.cc.R$dimen: int abc_action_bar_default_padding_start_material
com.htc.lib1.cc.R$dimen: int abc_action_bar_icon_vertical_padding_material
com.htc.lib1.cc.R$dimen: int abc_action_bar_overflow_padding_end_material
com.htc.lib1.cc.R$dimen: int abc_action_bar_overflow_padding_start_material
com.htc.lib1.cc.R$dimen: int abc_action_bar_progress_bar_size
com.htc.lib1.cc.R$dimen: int abc_action_bar_stacked_max_height
com.htc.lib1.cc.R$dimen: int abc_action_bar_stacked_tab_max_width
com.htc.lib1.cc.R$dimen: int abc_action_bar_subtitle_bottom_margin_material
com.htc.lib1.cc.R$dimen: int abc_action_bar_subtitle_top_margin_material
com.htc.lib1.cc.R$dimen: int abc_action_button_min_height_material
com.htc.lib1.cc.R$dimen: int abc_action_button_min_width_material
com.htc.lib1.cc.R$dimen: int abc_action_button_min_width_overflow_material
com.htc.lib1.cc.R$dimen: int abc_alert_dialog_button_bar_height