app/packages/apps/UDove/build/outputs/mapping/release/mapping.txt
com.htc.feedback.AdditionalInfo -> com.htc.feedback.a:
    boolean DEBUG -> a
    int mPhoneType -> b
    int mMcc -> c
    int mMnc -> d
    37:37:int getPhoneType() -> a
    41:41:int getMCC() -> b
    45:45:int getMNC() -> c
    49:63:java.lang.String getLocationInformation() -> d
com.htc.feedback.CustomizationReceiver -> com.htc.feedback.CustomizationReceiver:
    boolean LOG -> LOG
    java.lang.String TAG -> TAG
    13:22:void onReceive(android.content.Context,android.content.Intent) -> onReceive
com.htc.feedback.ErrorReportPreference -> com.htc.feedback.b:
    java.lang.String KEY_SECRET_KEY -> a
    java.lang.String KEY_INITIALIZATION_VECTOR -> b
    20:22:boolean getHasCheckedLogFolder(android.content.Context) -> a
    26:30:void setHasCheckedLogFolder(android.content.Context) -> b
    33:38:byte[] generateRawKey() -> a
    42:45:byte[] generateIV() -> b
    50:54:void setSecretKey(android.content.Context,byte[]) -> b
    57:71:byte[] getSecretKey(android.content.Context) -> c
    76:80:void setIV(android.content.Context,byte[]) -> a
    83:93:byte[] getIV(android.content.Context) -> d
    97:107:java.lang.String byteArrayToHexString(byte[]) -> a
    111:117:byte[] hexStringToByteArray(java.lang.String) -> a
com.htc.feedback.FeedbackBugReportActivity -> com.htc.feedback.FeedbackBugReportActivity:
    java.lang.String TAG -> TAG
    boolean DEBUG -> DEBUG
    java.lang.String DEFAULT_DUMP_FOLDER -> DEFAULT_DUMP_FOLDER
    java.lang.String DUMP_STATE_FILE_EXTENSION -> DUMP_STATE_FILE_EXTENSION
    java.lang.String mDumpStateFile -> mDumpStateFile
    android.app.ProgressDialog mProgressDialog -> mProgressDialog
    38:51:void onCreate(android.os.Bundle) -> onCreate
    103:265:void getDumpstateBySSDTestTool() -> getDumpstateBySSDTestTool
    269:274:void onDestroy() -> onDestroy
    28:28:android.app.ProgressDialog access$102(com.htc.feedback.FeedbackBugReportActivity,android.app.ProgressDialog) -> access$102
    28:28:void access$200(com.htc.feedback.FeedbackBugReportActivity) -> access$200
    28:28:android.app.ProgressDialog access$100(com.htc.feedback.FeedbackBugReportActivity) -> access$100
    28:28:java.lang.String access$300(com.htc.feedback.FeedbackBugReportActivity) -> access$300
com.htc.feedback.FeedbackBugReportActivity$1 -> com.htc.feedback.c:
com.htc.feedback.FeedbackBugReportActivity$DumpStateRunnable -> com.htc.feedback.FeedbackBugReportActivity$a:
    com.htc.feedback.FeedbackBugReportActivity this$0 -> a
    58:99:void run() -> run
com.htc.feedback.FeedbackBugReportActivity$DumpStateRunnable$1 -> com.htc.feedback.d:
    com.htc.feedback.FeedbackBugReportActivity$DumpStateRunnable this$1 -> a
    72:73:void run() -> run
com.htc.feedback.FeedbackBugReportActivity$DumpStateRunnable$2 -> com.htc.feedback.e:
    com.htc.feedback.FeedbackBugReportActivity$DumpStateRunnable this$1 -> a
    84:88:void run() -> run
com.htc.feedback.FeedbackBugReportActivity$ThreadUtil -> com.htc.feedback.FeedbackBugReportActivity$b:
    com.htc.feedback.FeedbackBugReportActivity$ThreadUtil sThreadHandler -> a
    android.os.HandlerThread mHThread -> b
    android.os.Handler mHandler -> c
    289:291:com.htc.feedback.FeedbackBugReportActivity$ThreadUtil getInstance() -> a
    295:296:void post(java.lang.Runnable) -> a
com.htc.feedback.FeedbackReceiver -> com.htc.feedback.FeedbackReceiver:
    boolean LOG -> LOG
    java.lang.String TAG -> TAG
    13:22:void onReceive(android.content.Context,android.content.Intent) -> onReceive
    25:34:void startReceiverService(android.content.Context,android.content.Intent) -> startReceiverService
...
android.support.v7.widget.AppCompatTextHelper -> android.support.v7.widget.r:
    int[] VIEW_ATTRS -> a
    int[] TEXT_APPEARANCE_ATTRS -> b
    android.widget.TextView mView -> c
    41:86:void loadFromAttributes(android.util.AttributeSet,int) -> a
    89:94:void onSetTextAppearance(android.content.Context,int) -> a
    97:100:void setAllCaps(boolean) -> a
android.support.v7.widget.AppCompatTextView -> android.support.v7.widget.s:
    android.support.v7.widget.AppCompatTextHelper mTextHelper -> a
    56:60:void setTextAppearance(android.content.Context,int) -> setTextAppearance
android.support.v7.widget.LinearLayoutCompat -> android.support.v7.widget.t:
    boolean mBaselineAligned -> a
    int mBaselineAlignedChildIndex -> b
    int mBaselineChildTop -> c
    int mOrientation -> d
    int mGravity -> e
    int mTotalLength -> f
    float mWeightSum -> g
    boolean mUseLargestChild -> h
    int[] mMaxAscent -> i
    int[] mMaxDescent -> j
    android.graphics.drawable.Drawable mDivider -> k
    int mDividerWidth -> l
    int mDividerHeight -> m
    int mShowDividers -> n
    int mDividerPadding -> o
    192:196:void setShowDividers(int) -> setShowDividers
    200:200:boolean shouldDelayChildPressedState() -> shouldDelayChildPressedState
    209:209:int getShowDividers() -> getShowDividers
    218:218:android.graphics.drawable.Drawable getDividerDrawable() -> getDividerDrawable
    229:242:void setDividerDrawable(android.graphics.drawable.Drawable) -> setDividerDrawable
    254:255:void setDividerPadding(int) -> setDividerPadding
    265:265:int getDividerPadding() -> getDividerPadding
    274:274:int getDividerWidth() -> getDividerWidth
    279:288:void onDraw(android.graphics.Canvas) -> onDraw
    291:315:void drawDividersVertical(android.graphics.Canvas) -> a
    318:356:void drawDividersHorizontal(android.graphics.Canvas) -> b
    359:362:void drawHorizontalDivider(android.graphics.Canvas,int) -> a
    365:368:void drawVerticalDivider(android.graphics.Canvas,int) -> b
    388:389:void setBaselineAligned(boolean) -> setBaselineAligned
android.support.v7.widget.LinearLayoutCompat$LayoutParams -> android.support.v7.widget.t$a:
    float weight -> g
    int gravity -> h
android.support.v7.widget.ListPopupWindow -> android.support.v7.widget.u:
    java.lang.reflect.Method sClipToWindowEnabledMethod -> a
    android.content.Context mContext -> c
    android.widget.PopupWindow mPopup -> d
    android.widget.ListAdapter mAdapter -> e
    android.support.v7.widget.ListPopupWindow$DropDownListView mDropDownList -> f
    int mDropDownHeight -> g
    int mDropDownWidth -> h
    int mDropDownHorizontalOffset -> i
    int mDropDownVerticalOffset -> j
    boolean mDropDownVerticalOffsetSet -> k
    int mDropDownGravity -> l
    boolean mDropDownAlwaysVisible -> m
    boolean mForceIgnoreOutsideTouch -> n
    int mListItemExpandMaximum -> b
    android.view.View mPromptView -> o
    int mPromptPosition -> p
    android.database.DataSetObserver mObserver -> q
    android.view.View mDropDownAnchorView -> r
    android.graphics.drawable.Drawable mDropDownListHighlight -> s
    android.widget.AdapterView$OnItemClickListener mItemClickListener -> t
    android.widget.AdapterView$OnItemSelectedListener mItemSelectedListener -> u
    android.support.v7.widget.ListPopupWindow$ResizePopupRunnable mResizePopupRunnable -> v
    android.support.v7.widget.ListPopupWindow$PopupTouchInterceptor mTouchInterceptor -> w
    android.support.v7.widget.ListPopupWindow$PopupScrollListener mScrollListener -> x
    android.support.v7.widget.ListPopupWindow$ListSelectorHider mHideSelector -> y
    java.lang.Runnable mShowDropDownRunnable -> z
android.support.v7.widget.ListPopupWindow$1 -> android.support.v7.widget.v:
    android.support.v7.widget.ListPopupWindow this$0 -> a
    1036:1036:android.support.v7.widget.ListPopupWindow getPopup() -> a