app/packages/apps/UDove/build/outputs/mapping/release/usage.txt
com.htc.feedback.AdditionalInfo:
    private static final java.lang.String TAG
com.htc.feedback.BuildConfig
com.htc.feedback.ErrorReportPreference:
    private static final java.lang.String TAG
    private static final java.lang.String preferenceName
    private static final java.lang.String keyHasCheckedLogFolder
    12:12:public ErrorReportPreference()
com.htc.feedback.FeedbackInfoPreference
com.htc.feedback.Log:
    public static final java.lang.String TAG
    3:3:public Log()
    8:8:public static int v(java.lang.String)
    12:12:public static int d(java.lang.String)
    16:16:public static int i(java.lang.String)
    20:20:public static int w(java.lang.String)
    24:24:public static int e(java.lang.String)
    48:48:public static int v(java.lang.String,java.lang.String,java.lang.String)
    52:52:public static int d(java.lang.String,java.lang.String,java.lang.String)
    56:56:public static int i(java.lang.String,java.lang.String,java.lang.String)
    60:60:public static int w(java.lang.String,java.lang.String,java.lang.String)
    64:64:public static int e(java.lang.String,java.lang.String,java.lang.String)
com.htc.feedback.R
com.htc.feedback.R$anim
com.htc.feedback.R$array
com.htc.feedback.R$attr
com.htc.feedback.R$bool
com.htc.feedback.R$color
com.htc.feedback.R$dimen
com.htc.feedback.R$drawable
com.htc.feedback.R$fraction
com.htc.feedback.R$id
com.htc.feedback.R$integer
com.htc.feedback.R$interpolator
com.htc.feedback.R$layout
com.htc.feedback.R$menu
com.htc.feedback.R$raw
com.htc.feedback.R$string
com.htc.feedback.R$style
com.htc.feedback.R$styleable
com.htc.feedback.R$xml
com.htc.feedback.ReportConfig:
    private static final java.lang.String TAG
    16:16:private ReportConfig()
com.htc.feedback.SettingsPreferenceFragment:
    private static final java.lang.String TAG
    private static final java.lang.String KEY_ERROR_REPORT_ENABLE
    private static final java.lang.String KEY_AUTO_SEND
    private static final java.lang.String KEY_APPLICATION_LOG_ENABLE
    private static final java.lang.String KEY_PREFER_NETWORK
    private static final int REQUEST_CODE_NETWORK
    private static final int REQUEST_CODE_REPORT
com.htc.feedback.Utils:
    private static final java.lang.String TAG
    9:9:public Utils()
    14:14:public static boolean isAPNativeCrash(java.lang.String)
com.htc.feedback.policy.DatabaseHelper:
    private static final java.lang.String TAG
    private static final java.lang.String DATABASE_NAME
    private static final int DATABASE_VERSION
    private static final java.lang.String POLICY_TABLE_NAME
    private static final java.lang.String POLICY_ID
    private static final java.lang.String POLICY_APPID
    private static final java.lang.String POLICY_CATEGORY
    private static final java.lang.String POLICY_KEY
    private static final java.lang.String POLICY_VALUE
    private static final java.lang.String POLICY_DUE_DATE
    private static final java.lang.String POLICY_DEFAULT_VALUE
    private static final int POLICY_ID_IDX
    private static final int POLICY_APPID_IDX
    private static final int POLICY_CATEGORY_IDX
    private static final int POLICY_KEY_IDX
    private static final int POLICY_VALUE_IDX
    private static final int POLICY_DUE_DATE_IDX
    private static final int POLICY_DEFAULT_VALUE_IDX
    203:214:public android.database.Cursor queryPolicyFromSystem()
com.htc.feedback.policy.PolicyStore:
    private static final java.lang.String TAG
    private static final java.lang.String APPID_OF_SECOND_SWITCH
    private static final java.lang.String CATEGORY_OF_SECOND_SWITCH_OF_ERROR_REPORT
    private static final java.lang.String KEY_ENABLE
    static final java.lang.String KEY_DUE_DATE
    static final java.lang.String KEY_DEFAULT_VALUE
    44:44:public com.htc.feedback.policy.DatabaseHelper getDatabase()
com.htc.feedback.policy.PolicyTable:
    13:13:public PolicyTable()
com.htc.feedback.policy.PolicyUtils:
    private static final java.lang.String TAG
    12:12:public PolicyUtils()
...
android.support.v4.media.session.MediaSessionCompat$Callback
android.support.v4.media.session.MediaSessionCompat$Callback$StubApi21
android.support.v4.media.session.MediaSessionCompat$Callback$StubApi23
android.support.v4.media.session.MediaSessionCompat$MediaSessionImpl
android.support.v4.media.session.MediaSessionCompat$MediaSessionImplApi21
android.support.v4.media.session.MediaSessionCompat$MediaSessionImplBase
android.support.v4.media.session.MediaSessionCompat$MediaSessionImplBase$1
android.support.v4.media.session.MediaSessionCompat$MediaSessionImplBase$2
android.support.v4.media.session.MediaSessionCompat$MediaSessionImplBase$Command
android.support.v4.media.session.MediaSessionCompat$MediaSessionImplBase$MediaSessionStub
android.support.v4.media.session.MediaSessionCompat$MediaSessionImplBase$MessageHandler
android.support.v4.media.session.MediaSessionCompat$OnActiveChangeListener
android.support.v4.media.session.MediaSessionCompat$QueueItem:
    public static final int UNKNOWN_ID
    private java.lang.Object mItem
    791:792:public MediaSessionCompat$QueueItem(android.support.v4.media.MediaDescriptionCompat,long)
    794:804:private MediaSessionCompat$QueueItem(java.lang.Object,android.support.v4.media.MediaDescriptionCompat,long)
    815:815:public android.support.v4.media.MediaDescriptionCompat getDescription()
    822:822:public long getQueueId()
    847:852:public java.lang.Object getQueueItem()
    863:867:public static android.support.v4.media.session.MediaSessionCompat$QueueItem obtain(java.lang.Object)
android.support.v4.media.session.MediaSessionCompat$ResultReceiverWrapper:
    900:902:public MediaSessionCompat$ResultReceiverWrapper(android.os.ResultReceiver)
    897:897:static synthetic android.os.ResultReceiver access$700(android.support.v4.media.session.MediaSessionCompat$ResultReceiverWrapper)
android.support.v4.media.session.MediaSessionCompat$SessionFlags
android.support.v4.media.session.MediaSessionCompat$Token:
    715:718:public static android.support.v4.media.session.MediaSessionCompat$Token fromToken(java.lang.Object)
    745:745:public java.lang.Object getToken()
android.support.v4.media.session.MediaSessionCompatApi14
android.support.v4.media.session.MediaSessionCompatApi14$Callback
android.support.v4.media.session.MediaSessionCompatApi18
android.support.v4.media.session.MediaSessionCompatApi18$OnPlaybackPositionUpdateListener
android.support.v4.media.session.MediaSessionCompatApi19
android.support.v4.media.session.MediaSessionCompatApi19$OnMetadataUpdateListener
android.support.v4.media.session.MediaSessionCompatApi21
android.support.v4.media.session.MediaSessionCompatApi21$Callback
android.support.v4.media.session.MediaSessionCompatApi21$CallbackProxy
android.support.v4.media.session.MediaSessionCompatApi21$QueueItem
android.support.v4.media.session.MediaSessionCompatApi22
android.support.v4.media.session.MediaSessionCompatApi23
android.support.v4.media.session.MediaSessionCompatApi23$Callback
android.support.v4.media.session.MediaSessionCompatApi23$CallbackProxy
android.support.v4.media.session.MediaSessionCompatApi8
android.support.v4.media.session.ParcelableVolumeInfo:
    34:40:public ParcelableVolumeInfo(int,int,int,int,int)